<?xml version="1.0" encoding="UTF-8"?>
<testsuite xmlns:xsi="http://www.w3.org/2001/XMLSchema-instance" xsi:noNamespaceSchemaLocation="https://maven.apache.org/surefire/maven-surefire-plugin/xsd/surefire-test-report-3.0.xsd" version="3.0" name="com.invadethecode.service.UserServiceTest" time="1.269" tests="8" errors="0" skipped="0" failures="0">
  <properties>
    <property name="java.specification.version" value="22"/>
    <property name="sun.jnu.encoding" value="UTF-8"/>
    <property name="java.class.path" value="/Users/ariadnavanegas/Library/Mobile Documents/com~apple~CloudDocs/Developer Courses/Udemy Courses/JUnitUdemyCourse/exercises/UserService/target/test-classes:/Users/ariadnavanegas/Library/Mobile Documents/com~apple~CloudDocs/Developer Courses/Udemy Courses/JUnitUdemyCourse/exercises/UserService/target/classes:/Users/ariadnavanegas/.m2/repository/org/junit/jupiter/junit-jupiter/5.8.2/junit-jupiter-5.8.2.jar:/Users/ariadnavanegas/.m2/repository/org/junit/jupiter/junit-jupiter-api/5.8.2/junit-jupiter-api-5.8.2.jar:/Users/ariadnavanegas/.m2/repository/org/opentest4j/opentest4j/1.2.0/opentest4j-1.2.0.jar:/Users/ariadnavanegas/.m2/repository/org/junit/platform/junit-platform-commons/1.8.2/junit-platform-commons-1.8.2.jar:/Users/ariadnavanegas/.m2/repository/org/apiguardian/apiguardian-api/1.1.2/apiguardian-api-1.1.2.jar:/Users/ariadnavanegas/.m2/repository/org/junit/jupiter/junit-jupiter-params/5.8.2/junit-jupiter-params-5.8.2.jar:/Users/ariadnavanegas/.m2/repository/org/junit/jupiter/junit-jupiter-engine/5.8.2/junit-jupiter-engine-5.8.2.jar:/Users/ariadnavanegas/.m2/repository/org/junit/platform/junit-platform-engine/1.8.2/junit-platform-engine-1.8.2.jar:/Users/ariadnavanegas/.m2/repository/org/mockito/mockito-junit-jupiter/5.12.0/mockito-junit-jupiter-5.12.0.jar:/Users/ariadnavanegas/.m2/repository/org/mockito/mockito-core/5.12.0/mockito-core-5.12.0.jar:/Users/ariadnavanegas/.m2/repository/net/bytebuddy/byte-buddy/1.14.15/byte-buddy-1.14.15.jar:/Users/ariadnavanegas/.m2/repository/net/bytebuddy/byte-buddy-agent/1.14.15/byte-buddy-agent-1.14.15.jar:/Users/ariadnavanegas/.m2/repository/org/objenesis/objenesis/3.3/objenesis-3.3.jar:"/>
    <property name="java.vm.vendor" value="Homebrew"/>
    <property name="sun.arch.data.model" value="64"/>
    <property name="java.vendor.url" value="https://github.com/Homebrew/homebrew-core/issues"/>
    <property name="user.timezone" value="America/New_York"/>
    <property name="os.name" value="Mac OS X"/>
    <property name="java.vm.specification.version" value="22"/>
    <property name="sun.java.launcher" value="SUN_STANDARD"/>
    <property name="user.country" value="US"/>
    <property name="sun.boot.library.path" value="/opt/homebrew/Cellar/openjdk/22.0.1/libexec/openjdk.jdk/Contents/Home/lib"/>
    <property name="sun.java.command" value="/Users/ariadnavanegas/Library/Mobile Documents/com~apple~CloudDocs/Developer Courses/Udemy Courses/JUnitUdemyCourse/exercises/UserService/target/surefire/surefirebooter7967306940431282585.jar /Users/ariadnavanegas/Library/Mobile Documents/com~apple~CloudDocs/Developer Courses/Udemy Courses/JUnitUdemyCourse/exercises/UserService/target/surefire 2024-07-15T16-00-20_758-jvmRun1 surefire7362571341690467317tmp surefire_012371970215296781170tmp"/>
    <property name="http.nonProxyHosts" value="local|*.local|169.254/16|*.169.254/16"/>
    <property name="jdk.debug" value="release"/>
    <property name="surefire.test.class.path" value="/Users/ariadnavanegas/Library/Mobile Documents/com~apple~CloudDocs/Developer Courses/Udemy Courses/JUnitUdemyCourse/exercises/UserService/target/test-classes:/Users/ariadnavanegas/Library/Mobile Documents/com~apple~CloudDocs/Developer Courses/Udemy Courses/JUnitUdemyCourse/exercises/UserService/target/classes:/Users/ariadnavanegas/.m2/repository/org/junit/jupiter/junit-jupiter/5.8.2/junit-jupiter-5.8.2.jar:/Users/ariadnavanegas/.m2/repository/org/junit/jupiter/junit-jupiter-api/5.8.2/junit-jupiter-api-5.8.2.jar:/Users/ariadnavanegas/.m2/repository/org/opentest4j/opentest4j/1.2.0/opentest4j-1.2.0.jar:/Users/ariadnavanegas/.m2/repository/org/junit/platform/junit-platform-commons/1.8.2/junit-platform-commons-1.8.2.jar:/Users/ariadnavanegas/.m2/repository/org/apiguardian/apiguardian-api/1.1.2/apiguardian-api-1.1.2.jar:/Users/ariadnavanegas/.m2/repository/org/junit/jupiter/junit-jupiter-params/5.8.2/junit-jupiter-params-5.8.2.jar:/Users/ariadnavanegas/.m2/repository/org/junit/jupiter/junit-jupiter-engine/5.8.2/junit-jupiter-engine-5.8.2.jar:/Users/ariadnavanegas/.m2/repository/org/junit/platform/junit-platform-engine/1.8.2/junit-platform-engine-1.8.2.jar:/Users/ariadnavanegas/.m2/repository/org/mockito/mockito-junit-jupiter/5.12.0/mockito-junit-jupiter-5.12.0.jar:/Users/ariadnavanegas/.m2/repository/org/mockito/mockito-core/5.12.0/mockito-core-5.12.0.jar:/Users/ariadnavanegas/.m2/repository/net/bytebuddy/byte-buddy/1.14.15/byte-buddy-1.14.15.jar:/Users/ariadnavanegas/.m2/repository/net/bytebuddy/byte-buddy-agent/1.14.15/byte-buddy-agent-1.14.15.jar:/Users/ariadnavanegas/.m2/repository/org/objenesis/objenesis/3.3/objenesis-3.3.jar:"/>
    <property name="sun.cpu.endian" value="little"/>
    <property name="user.home" value="/Users/ariadnavanegas"/>
    <property name="user.language" value="en"/>
    <property name="java.specification.vendor" value="Oracle Corporation"/>
    <property name="java.version.date" value="2024-04-16"/>
    <property name="java.home" value="/opt/homebrew/Cellar/openjdk/22.0.1/libexec/openjdk.jdk/Contents/Home"/>
    <property name="file.separator" value="/"/>
    <property name="basedir" value="/Users/ariadnavanegas/Library/Mobile Documents/com~apple~CloudDocs/Developer Courses/Udemy Courses/JUnitUdemyCourse/exercises/UserService"/>
    <property name="java.vm.compressedOopsMode" value="Zero based"/>
    <property name="line.separator" value="&#10;"/>
    <property name="java.vm.specification.vendor" value="Oracle Corporation"/>
    <property name="java.specification.name" value="Java Platform API Specification"/>
    <property name="apple.awt.application.name" value="ForkedBooter"/>
    <property name="surefire.real.class.path" value="/Users/ariadnavanegas/Library/Mobile Documents/com~apple~CloudDocs/Developer Courses/Udemy Courses/JUnitUdemyCourse/exercises/UserService/target/surefire/surefirebooter7967306940431282585.jar"/>
    <property name="sun.management.compiler" value="HotSpot 64-Bit Tiered Compilers"/>
    <property name="ftp.nonProxyHosts" value="local|*.local|169.254/16|*.169.254/16"/>
    <property name="java.runtime.version" value="22.0.1"/>
    <property name="user.name" value="ariadnavanegas"/>
    <property name="stdout.encoding" value="UTF-8"/>
    <property name="path.separator" value=":"/>
    <property name="os.version" value="14.5"/>
    <property name="java.runtime.name" value="OpenJDK Runtime Environment"/>
    <property name="file.encoding" value="UTF-8"/>
    <property name="java.vm.name" value="OpenJDK 64-Bit Server VM"/>
    <property name="java.vendor.version" value="Homebrew"/>
    <property name="localRepository" value="/Users/ariadnavanegas/.m2/repository"/>
    <property name="java.vendor.url.bug" value="https://github.com/Homebrew/homebrew-core/issues"/>
    <property name="java.io.tmpdir" value="/var/folders/xk/hhkz7l_d6cb5tw93by05__xr0000gn/T/"/>
    <property name="java.version" value="22.0.1"/>
    <property name="user.dir" value="/Users/ariadnavanegas/Library/Mobile Documents/com~apple~CloudDocs/Developer Courses/Udemy Courses/JUnitUdemyCourse/exercises/UserService"/>
    <property name="os.arch" value="aarch64"/>
    <property name="java.vm.specification.name" value="Java Virtual Machine Specification"/>
    <property name="native.encoding" value="UTF-8"/>
    <property name="java.library.path" value="/Users/ariadnavanegas/Library/Java/Extensions:/Library/Java/Extensions:/Network/Library/Java/Extensions:/System/Library/Java/Extensions:/usr/lib/java:."/>
    <property name="java.vm.info" value="mixed mode, sharing"/>
    <property name="stderr.encoding" value="UTF-8"/>
    <property name="java.vendor" value="Homebrew"/>
    <property name="java.vm.version" value="22.0.1"/>
    <property name="sun.io.unicode.encoding" value="UnicodeBig"/>
    <property name="socksNonProxyHosts" value="local|*.local|169.254/16|*.169.254/16"/>
    <property name="java.class.version" value="66.0"/>
  </properties>
  <testcase name="testCreateUser_whenUserCreated_schedulesEmailConfirmation" classname="com.invadethecode.service.UserServiceTest" time="1.189">
    <system-err><![CDATA[WARNING: A Java agent has been loaded dynamically (/Users/ariadnavanegas/.m2/repository/net/bytebuddy/byte-buddy-agent/1.14.15/byte-buddy-agent-1.14.15.jar)
WARNING: If a serviceability tool is in use, please run with -XX:+EnableDynamicAgentLoading to hide this warning
WARNING: If a serviceability tool is not in use, please run with -Djdk.instrument.traceUsage for more information
WARNING: Dynamic loading of agents will be disallowed by default in a future release
]]></system-err>
  </testcase>
  <testcase name="testCreateUser_whenUserDetailsProvided_ReturnUserObject" classname="com.invadethecode.service.UserServiceTest" time="0.018"/>
  <testcase name="testCreateUser_whenLastNameIsEmpty_throwsIllegalArgumentException" classname="com.invadethecode.service.UserServiceTest" time="0.005"/>
  <testcase name="testCreateUser_whenSaveMethodThrowsException_thenThrowsUserServiceException" classname="com.invadethecode.service.UserServiceTest" time="0.009"/>
  <testcase name="testCreateUser_whenEmailNotificationExceptionThrown_throwsUserServiceException" classname="com.invadethecode.service.UserServiceTest" time="0.005"/>
  <testcase name="testCreateUser_whenEmailIsEmpty_throwsIllegalArgumentException" classname="com.invadethecode.service.UserServiceTest" time="0.003"/>
  <testcase name="testCreateUser_whenFirstNameIsEmpty_throwsIllegalArgumentException" classname="com.invadethecode.service.UserServiceTest" time="0.003"/>
  <testcase name="testCreateUser_whenPasswordsDoNotMatch_throwsIllegalArgumentException" classname="com.invadethecode.service.UserServiceTest" time="0.003"/>
</testsuite>